app/build/outputs/logs/manifest-merger-debug-report.txt
-- Merging decision tree log ---
manifest
ADDED from src/main/AndroidManifest.xml:2:1-53:12
	package
		ADDED from src/main/AndroidManifest.xml:4:2-40
		INJECTED from src/main/AndroidManifest.xml
		INJECTED from src/main/AndroidManifest.xml
	android:versionName
		INJECTED from src/main/AndroidManifest.xml
		INJECTED from src/main/AndroidManifest.xml
	xmlns:android
		ADDED from src/main/AndroidManifest.xml:3:2-60
	android:versionCode
		INJECTED from src/main/AndroidManifest.xml
		INJECTED from src/main/AndroidManifest.xml
uses-permission#android.permission.GET_ACCOUNTS
ADDED from src/main/AndroidManifest.xml:7:2-67
	android:name
		ADDED from src/main/AndroidManifest.xml:7:19-65
uses-permission#android.permission.READ_PROFILE
ADDED from src/main/AndroidManifest.xml:8:2-67
	android:name
		ADDED from src/main/AndroidManifest.xml:8:19-65
uses-permission#android.permission.READ_CONTACTS
ADDED from src/main/AndroidManifest.xml:9:2-68
	android:name
		ADDED from src/main/AndroidManifest.xml:9:19-66
application
ADDED from src/main/AndroidManifest.xml:11:2-51:16
MERGED from [com.android.support.constraint:constraint-layout:1.0.2] AndroidManifest.xml:9:5-20
MERGED from [com.android.support:design:26.0.0-alpha1] AndroidManifest.xml:29:5-20
MERGED from [com.android.support:appcompat-v7:26.0.0-alpha1] AndroidManifest.xml:29:5-20
MERGED from [com.android.support:animated-vector-drawable:26.0.0-alpha1] AndroidManifest.xml:26:5-20
MERGED from [com.android.support:support-vector-drawable:26.0.0-alpha1] AndroidManifest.xml:26:5-20
MERGED from [com.android.support:transition:26.0.0-alpha1] AndroidManifest.xml:26:5-20
MERGED from [com.android.support:support-v4:26.0.0-alpha1] AndroidManifest.xml:29:5-20
MERGED from [com.android.support:support-media-compat:26.0.0-alpha1] AndroidManifest.xml:29:5-20
MERGED from [com.android.support:support-fragment:26.0.0-alpha1] AndroidManifest.xml:29:5-20
MERGED from [com.android.support:support-core-ui:26.0.0-alpha1] AndroidManifest.xml:29:5-20
MERGED from [com.android.support:support-core-utils:26.0.0-alpha1] AndroidManifest.xml:29:5-20
MERGED from [com.android.support:support-compat:26.0.0-alpha1] AndroidManifest.xml:29:5-20
	android:label
		ADDED from src/main/AndroidManifest.xml:14:3-35
	android:supportsRtl
		ADDED from src/main/AndroidManifest.xml:16:3-29
	android:roundIcon
		ADDED from src/main/AndroidManifest.xml:15:3-48
	android:allowBackup
		ADDED from src/main/AndroidManifest.xml:12:3-29
	android:icon
		ADDED from src/main/AndroidManifest.xml:13:3-37
	android:theme
		ADDED from src/main/AndroidManifest.xml:17:3-34
activity#com.appsandgamesinc.tutorial.MainActivity
ADDED from src/main/AndroidManifest.xml:19:3-25:14
	android:name
		ADDED from src/main/AndroidManifest.xml:19:13-41
intent-filter#android.intent.action.MAINACTIVITY+android.intent.category.DEFAULT
ADDED from src/main/AndroidManifest.xml:20:4-24:20
action#android.intent.action.MAINACTIVITY
ADDED from src/main/AndroidManifest.xml:21:5-64
	android:name
		ADDED from src/main/AndroidManifest.xml:21:13-62
category#android.intent.category.DEFAULT
ADDED from src/main/AndroidManifest.xml:23:5-63
	android:name
		ADDED from src/main/AndroidManifest.xml:23:15-61
activity#com.appsandgamesinc.tutorial.Profile
ADDED from src/main/AndroidManifest.xml:27:3-33:14
	android:name
		ADDED from src/main/AndroidManifest.xml:27:13-36
intent-filter#android.intent.action.PROFILE+android.intent.category.DEFAULT
ADDED from src/main/AndroidManifest.xml:28:4-32:20
action#android.intent.action.PROFILE
ADDED from src/main/AndroidManifest.xml:29:5-59
	android:name
		ADDED from src/main/AndroidManifest.xml:29:13-57
activity#com.appsandgamesinc.tutorial.Slider
ADDED from src/main/AndroidManifest.xml:35:3-41:14
	android:name
		ADDED from src/main/AndroidManifest.xml:35:13-35
intent-filter#android.intent.action.SLIDER+android.intent.category.DEFAULT
ADDED from src/main/AndroidManifest.xml:36:4-40:20
action#android.intent.action.SLIDER
ADDED from src/main/AndroidManifest.xml:37:5-58
	android:name
		ADDED from src/main/AndroidManifest.xml:37:13-56
activity#com.appsandgamesinc.tutorial.Splash
ADDED from src/main/AndroidManifest.xml:43:3-49:14
	android:name
		ADDED from src/main/AndroidManifest.xml:43:13-35
intent-filter#android.intent.action.MAIN+android.intent.category.LAUNCHER
ADDED from src/main/AndroidManifest.xml:44:4-48:20
action#android.intent.action.MAIN
ADDED from src/main/AndroidManifest.xml:45:5-56
	android:name
		ADDED from src/main/AndroidManifest.xml:45:13-54
category#android.intent.category.LAUNCHER
ADDED from src/main/AndroidManifest.xml:47:5-64
	android:name
		ADDED from src/main/AndroidManifest.xml:47:15-62
uses-sdk
INJECTED from src/main/AndroidManifest.xml reason: use-sdk injection requested
MERGED from [com.android.support.constraint:constraint-layout:1.0.2] AndroidManifest.xml:5:5-7:41
MERGED from [com.android.support:design:26.0.0-alpha1] AndroidManifest.xml:21:5-23:62
MERGED from [com.android.support:appcompat-v7:26.0.0-alpha1] AndroidManifest.xml:21:5-23:78
MERGED from [com.android.support:animated-vector-drawable:26.0.0-alpha1] AndroidManifest.xml:20:5-44
MERGED from [com.android.support:support-vector-drawable:26.0.0-alpha1] AndroidManifest.xml:20:5-44
MERGED from [com.android.support:recyclerview-v7:26.0.0-alpha1] AndroidManifest.xml:20:5-44
MERGED from [com.android.support:transition:26.0.0-alpha1] AndroidManifest.xml:20:5-44
MERGED from [com.android.support:support-v4:26.0.0-alpha1] AndroidManifest.xml:21:5-23:54
MERGED from [com.android.support:support-media-compat:26.0.0-alpha1] AndroidManifest.xml:21:5-23:63
MERGED from [com.android.support:support-fragment:26.0.0-alpha1] AndroidManifest.xml:21:5-23:60
MERGED from [com.android.support:support-core-ui:26.0.0-alpha1] AndroidManifest.xml:21:5-23:58
MERGED from [com.android.support:support-core-utils:26.0.0-alpha1] AndroidManifest.xml:21:5-23:61
MERGED from [com.android.support:support-compat:26.0.0-alpha1] AndroidManifest.xml:21:5-23:58
	tools:overrideLibrary
		ADDED from [com.android.support:design:26.0.0-alpha1] AndroidManifest.xml:23:9-59
	android:targetSdkVersion
		INJECTED from src/main/AndroidManifest.xml
		INJECTED from src/main/AndroidManifest.xml
	android:minSdkVersion
		INJECTED from src/main/AndroidManifest.xml
		INJECTED from src/main/AndroidManifest.xml
meta-data#android.support.VERSION
ADDED from [com.android.support:design:26.0.0-alpha1] AndroidManifest.xml:25:5-27:41
MERGED from [com.android.support:appcompat-v7:26.0.0-alpha1] AndroidManifest.xml:25:5-27:41
MERGED from [com.android.support:animated-vector-drawable:26.0.0-alpha1] AndroidManifest.xml:22:5-24:41
MERGED from [com.android.support:support-vector-drawable:26.0.0-alpha1] AndroidManifest.xml:22:5-24:41
MERGED from [com.android.support:recyclerview-v7:26.0.0-alpha1] AndroidManifest.xml:22:5-24:41
MERGED from [com.android.support:transition:26.0.0-alpha1] AndroidManifest.xml:22:5-24:41
MERGED from [com.android.support:support-v4:26.0.0-alpha1] AndroidManifest.xml:25:5-27:41
MERGED from [com.android.support:support-media-compat:26.0.0-alpha1] AndroidManifest.xml:25:5-27:41
MERGED from [com.android.support:support-fragment:26.0.0-alpha1] AndroidManifest.xml:25:5-27:41
MERGED from [com.android.support:support-core-ui:26.0.0-alpha1] AndroidManifest.xml:25:5-27:41
MERGED from [com.android.support:support-core-utils:26.0.0-alpha1] AndroidManifest.xml:25:5-27:41
MERGED from [com.android.support:support-compat:26.0.0-alpha1] AndroidManifest.xml:25:5-27:41
	android:value
		ADDED from [com.android.support:design:26.0.0-alpha1] AndroidManifest.xml:27:9-38
	android:name
		ADDED from [com.android.support:design:26.0.0-alpha1] AndroidManifest.xml:26:9-47